<?xml version="1.0" encoding="UTF-8"?>
<testsuite xmlns:xsi="http://www.w3.org/2001/XMLSchema-instance" xsi:noNamespaceSchemaLocation="https://maven.apache.org/surefire/maven-surefire-plugin/xsd/surefire-test-report-3.0.xsd" version="3.0" name="org.example.RunCucumberTest" time="0.168" tests="3" errors="0" skipped="0" failures="0">
  <properties>
[...]
</properties>
  <testcase name="Buying 12 socks priced at $100 each" classname="Double 11 Discount Promotion" time="0.071"/>
  <testcase name="Buying 27 socks priced at $100 each" classname="Double 11 Discount Promotion" time="0.002"/>
  <testcase name="Buying 1 unit each of 10 different products (A to J), each priced at $100" classname="Double 11 Discount Promotion" time="0.007"/>
</testsuite>